

HI-TECH Software PIC LITE Macro Assembler V9.80 build 6738 
                                                                                               Tue Apr 19 17:06:25 2011

HI-TECH Software Omniscient Code Generator (Lite mode) build 6738
     1  0000                     opt subtitle "HI-TECH Software Omniscient Code Generator (Lite mode) build 6738"
     2                           
     3                           opt pagewidth 120
     4                           
     5                           	opt lm
     6                           
     7                           	processor	16F690
     8                           clrc	macro
     9                           	bcf	3,0
    10  0000                     	endm
    11                           clrz	macro
    12                           	bcf	3,2
    13  0000                     	endm
    14                           setc	macro
    15                           	bsf	3,0
    16  0000                     	endm
    17                           setz	macro
    18                           	bsf	3,2
    19  0000                     	endm
    20                           skipc	macro
    21                           	btfss	3,0
    22  0000                     	endm
    23                           skipz	macro
    24                           	btfss	3,2
    25  0000                     	endm
    26                           skipnc	macro
    27                           	btfsc	3,0
    28  0000                     	endm
    29                           skipnz	macro
    30                           	btfsc	3,2
    31  0000                     	endm
    32  0000                     indf	equ	0
    33  0000                     indf0	equ	0
    34  0002                     pc	equ	2
    35  0002                     pcl	equ	2
    36  0003                     status	equ	3
    37  0004                     fsr	equ	4
    38  0004                     fsr0	equ	4
    39  0001                     c	equ	1
    40  0000                     z	equ	0
    41  000A                     pclath	equ	10
    42                           # 4 "C:\projects\PIC\comparatorsiren\comparatorsiren.c"
    43                           	psect config,class=CONFIG,delta=2 ;#
    44                           # 4 "C:\projects\PIC\comparatorsiren\comparatorsiren.c"
    45  2007  3CC4               	dw 0x3FFF & 0x3CFF & 0x3FDF & 0x3FEF & 0x3FFC & 0x3FF7 ;#
    46                           	FNROOT	_main
    47                           	FNCALL	_isr,___awdiv
    48                           	FNCALL	intlevel1,_isr
    49                           	global	intlevel1
    50                           	FNROOT	intlevel1
    51                           	global	_ADCON0
    52                           psect	text94,local,class=CODE,delta=2
    53                           global __ptext94
    54  0000                     __ptext94:
    55  001F                     _ADCON0	set	31
    56                           	global	_ADRESH
    57  001E                     _ADRESH	set	30
    58                           	global	_CCP1CON
    59  0017                     _CCP1CON	set	23
    60                           	global	_CCPR1L
    61  0015                     _CCPR1L	set	21
    62                           	global	_INTCON
    63  000B                     _INTCON	set	11
    64                           	global	_T2CON
    65  0012                     _T2CON	set	18
    66                           	global	_ADIF
    67  0066                     _ADIF	set	102
    68                           	global	_GODONE
    69  00F9                     _GODONE	set	249
    70                           	global	_ADCON1
    71  009F                     _ADCON1	set	159
    72                           	global	_PR2
    73  0092                     _PR2	set	146
    74                           	global	_TRISB
    75  0086                     _TRISB	set	134
    76                           	global	_TRISC
    77  0087                     _TRISC	set	135
    78                           	global	_ADIE
    79  0466                     _ADIE	set	1126
    80                           	global	_ANSEL
    81  011E                     _ANSEL	set	286
    82                           	global	_ANSELH
    83  011F                     _ANSELH	set	287
    84                           	file	"comparatortosiren.as"
    85                           	line	#
    86                           psect cinit,class=CODE,delta=2
    87                           global start_initialization
    88  00D9                     start_initialization:
    89                           
    90                           psect cinit,class=CODE,delta=2
    91                           global end_of_initialization
    92                           
    93                           ;End of C runtime variable initialization code
    94                           
    95  00D9                     end_of_initialization:
    96  00D9  0183               clrf status
    97  00DA  118A  28B7         ljmp _main	;jump to C main() function
    98                           psect	cstackCOMMON,class=COMMON,space=1
    99                           global __pcstackCOMMON
   100  0070                     __pcstackCOMMON:
   101                           	global	?_isr
   102  0070                     ?_isr:	; 0 bytes @ 0x0
   103                           	global	?_main
   104  0070                     ?_main:	; 0 bytes @ 0x0
   105                           	global	?___awdiv
   106  0070                     ?___awdiv:	; 2 bytes @ 0x0
   107                           	global	___awdiv@divisor
   108  0070                     ___awdiv@divisor:	; 2 bytes @ 0x0
   109  0070                     	ds	2
   110                           	global	___awdiv@dividend
   111  0072                     ___awdiv@dividend:	; 2 bytes @ 0x2
   112  0072                     	ds	2
   113                           	global	??___awdiv
   114  0074                     ??___awdiv:	; 0 bytes @ 0x4
   115  0074                     	ds	1
   116                           	global	___awdiv@counter
   117  0075                     ___awdiv@counter:	; 1 bytes @ 0x5
   118  0075                     	ds	1
   119                           	global	___awdiv@sign
   120  0076                     ___awdiv@sign:	; 1 bytes @ 0x6
   121  0076                     	ds	1
   122                           	global	___awdiv@quotient
   123  0077                     ___awdiv@quotient:	; 2 bytes @ 0x7
   124  0077                     	ds	2
   125                           psect	cstackBANK0,class=BANK0,space=1
   126                           global __pcstackBANK0
   127  0020                     __pcstackBANK0:
   128                           	global	??_isr
   129  0020                     ??_isr:	; 0 bytes @ 0x0
   130  0020                     	ds	6
   131                           	global	??_main
   132  0026                     ??_main:	; 0 bytes @ 0x6
   133 ;;Data sizes: Strings 0, constant 0, data 0, bss 0, persistent 0 stack 0
   134 ;;Auto spaces:   Size  Autos    Used
   135 ;; COMMON          14      9       9
   136 ;; BANK0           80      6       6
   137 ;; BANK1           80      0       0
   138 ;; BANK2           80      0       0
   139                           
   140 ;;
   141 ;; Pointer list with targets:
   142                           
   143 ;; ?___awdiv	int  size(1) Largest target is 0
   144 ;;
   145                           
   146                           
   147 ;;
   148 ;; Critical Paths under _main in COMMON
   149 ;;
   150 ;;   None.
   151 ;;
   152 ;; Critical Paths under _isr in COMMON
   153 ;;
   154 ;;   _isr->___awdiv
   155 ;;
   156 ;; Critical Paths under _main in BANK0
   157 ;;
   158 ;;   None.
   159 ;;
   160 ;; Critical Paths under _isr in BANK0
   161 ;;
   162 ;;   None.
   163 ;;
   164 ;; Critical Paths under _main in BANK1
   165 ;;
   166 ;;   None.
   167 ;;
   168 ;; Critical Paths under _isr in BANK1
   169 ;;
   170 ;;   None.
   171 ;;
   172 ;; Critical Paths under _main in BANK2
   173 ;;
   174 ;;   None.
   175 ;;
   176 ;; Critical Paths under _isr in BANK2
   177 ;;
   178 ;;   None.
   179                           
   180 ;;
   181 ;;Main: autosize = 0, tempsize = 0, incstack = 0, save=0
   182 ;;
   183                           
   184 ;;
   185 ;;Call Graph Tables:
   186 ;;
   187 ;; ---------------------------------------------------------------------------------
   188 ;; (Depth) Function   	        Calls       Base Space   Used Autos Params    Refs
   189 ;; ---------------------------------------------------------------------------------
   190 ;; (0) _main                                                 0     0      0       0
   191 ;; ---------------------------------------------------------------------------------
   192 ;; Estimated maximum stack depth 0
   193 ;; ---------------------------------------------------------------------------------
   194 ;; (Depth) Function   	        Calls       Base Space   Used Autos Params    Refs
   195 ;; ---------------------------------------------------------------------------------
   196 ;; (1) _isr                                                  6     6      0     195
   197 ;;                                              0 BANK0      6     6      0
   198 ;;                            ___awdiv
   199 ;; ---------------------------------------------------------------------------------
   200 ;; (2) ___awdiv                                              9     5      4     195
   201 ;;                                              0 COMMON     9     5      4
   202 ;; ---------------------------------------------------------------------------------
   203 ;; Estimated maximum stack depth 2
   204 ;; ---------------------------------------------------------------------------------
   205                           
   206 ;; Call Graph Graphs:
   207                           
   208 ;; _main (ROOT)
   209 ;;
   210 ;; _isr (ROOT)
   211 ;;   ___awdiv
   212 ;;
   213                           
   214 ;; Address spaces:
   215                           
   216 ;;Name               Size   Autos  Total    Cost      Usage
   217 ;;BITCOMMON            E      0       0       0        0.0%
   218 ;;EEDATA             100      0       0       0        0.0%
   219 ;;NULL                 0      0       0       0        0.0%
   220 ;;CODE                 0      0       0       0        0.0%
   221 ;;COMMON               E      9       9       1       64.3%
   222 ;;BITSFR0              0      0       0       1        0.0%
   223 ;;SFR0                 0      0       0       1        0.0%
   224 ;;BITSFR1              0      0       0       2        0.0%
   225 ;;SFR1                 0      0       0       2        0.0%
   226 ;;STACK                0      0       4       2        0.0%
   227 ;;BANK0               50      6       6       3        7.5%
   228 ;;BITBANK1            50      0       0       4        0.0%
   229 ;;BITSFR3              0      0       0       4        0.0%
   230 ;;SFR3                 0      0       0       4        0.0%
   231 ;;BANK1               50      0       0       5        0.0%
   232 ;;BITSFR2              0      0       0       5        0.0%
   233 ;;SFR2                 0      0       0       5        0.0%
   234 ;;BITBANK2            50      0       0       6        0.0%
   235 ;;BANK2               50      0       0       7        0.0%
   236 ;;ABS                  0      0       0       8        0.0%
   237 ;;BITBANK0            50      0       0       9        0.0%
   238 ;;DATA                 0      0       0      10        0.0%
   239                           
   240                           	global	_main
   241                           psect	maintext,global,class=CODE,delta=2
   242                           global __pmaintext
   243  00B7                     __pmaintext:
   244                           
   245 ;; *************** function _main *****************
   246 ;; Defined at:
   247 ;;		line 17 in file "C:\projects\PIC\comparatorsiren\comparatorsiren.c"
   248 ;; Parameters:    Size  Location     Type
   249 ;;		None
   250 ;; Auto vars:     Size  Location     Type
   251 ;;		None
   252 ;; Return value:  Size  Location     Type
   253 ;;		None               void
   254 ;; Registers used:
   255 ;;		wreg, status,2
   256 ;; Tracked objects:
   257 ;;		On entry : 17F/0
   258 ;;		On exit  : 0/0
   259 ;;		Unchanged: 0/0
   260 ;; Data sizes:     COMMON   BANK0   BANK1   BANK2
   261 ;;      Params:         0       0       0       0
   262 ;;      Locals:         0       0       0       0
   263 ;;      Temps:          0       0       0       0
   264 ;;      Totals:         0       0       0       0
   265 ;;Total ram usage:        0 bytes
   266 ;; Hardware stack levels required when called:    2
   267 ;; This function calls:
   268 ;;		Nothing
   269 ;; This function is called by:
   270 ;;		Startup code after reset
   271 ;; This function uses a non-reentrant model
   272 ;;
   273                           psect	maintext
   274                           	file	"C:\projects\PIC\comparatorsiren\comparatorsiren.c"
   275                           	line	17
   276                           	global	__size_of_main
   277  0022                     	__size_of_main	equ	__end_of_main-_main
   278                           	
   279  00B7                     _main:	
   280                           	opt	stack 6
   281                           ; Regs used in _main: [wreg+status,2]
   282                           	line	19
   283                           	
   284  00B7                     l1929:	
   285                           ;comparatorsiren.c: 19: ANSELH = 0;
   286  00B7  1283               	bcf	status, 5	;RP0=0, select bank2
   287  00B8  1703               	bsf	status, 6	;RP1=1, select bank2
   288  00B9  019F               	clrf	(287)^0100h	;volatile
   289                           	line	20
   290                           	
   291  00BA                     l1931:	
   292                           ;comparatorsiren.c: 20: ANSEL = 0b10000000;
   293  00BA  3080               	movlw	(080h)
   294  00BB  009E               	movwf	(286)^0100h	;volatile
   295                           	line	21
   296                           	
   297  00BC                     l1933:	
   298                           ;comparatorsiren.c: 21: TRISC = 0b11011111;
   299  00BC  30DF               	movlw	(0DFh)
   300  00BD  1683               	bsf	status, 5	;RP0=1, select bank1
   301  00BE  1303               	bcf	status, 6	;RP1=0, select bank1
   302  00BF  0087               	movwf	(135)^080h	;volatile
   303                           	line	22
   304                           ;comparatorsiren.c: 22: TRISB = 0;
   305  00C0  0186               	clrf	(134)^080h	;volatile
   306                           	line	23
   307                           	
   308  00C1                     l1935:	
   309                           ;comparatorsiren.c: 23: INTCON = 0b11000000;
   310  00C1  30C0               	movlw	(0C0h)
   311  00C2  008B               	movwf	(11)	;volatile
   312                           	line	24
   313                           	
   314  00C3                     l1937:	
   315                           ;comparatorsiren.c: 24: ADIE = 1;
   316  00C3  170C               	bsf	(1126/8)^080h,(1126)&7
   317                           	line	25
   318                           	
   319  00C4                     l1939:	
   320                           ;comparatorsiren.c: 25: ADCON0 = 0b00011101;
   321  00C4  301D               	movlw	(01Dh)
   322  00C5  1283               	bcf	status, 5	;RP0=0, select bank0
   323  00C6  1303               	bcf	status, 6	;RP1=0, select bank0
   324  00C7  009F               	movwf	(31)	;volatile
   325                           	line	26
   326                           	
   327  00C8                     l1941:	
   328                           ;comparatorsiren.c: 26: ADCON1 = 0b00010000;
   329  00C8  3010               	movlw	(010h)
   330  00C9  1683               	bsf	status, 5	;RP0=1, select bank1
   331  00CA  1303               	bcf	status, 6	;RP1=0, select bank1
   332  00CB  009F               	movwf	(159)^080h	;volatile
   333                           	line	27
   334                           	
   335  00CC                     l1943:	
   336                           ;comparatorsiren.c: 27: GODONE = 1;
   337  00CC  1283               	bcf	status, 5	;RP0=0, select bank0
   338  00CD  1303               	bcf	status, 6	;RP1=0, select bank0
   339  00CE  149F               	bsf	(249/8),(249)&7
   340                           	line	28
   341                           	
   342  00CF                     l1945:	
   343                           ;comparatorsiren.c: 28: T2CON = 0b00000101;
   344  00CF  3005               	movlw	(05h)
   345  00D0  0092               	movwf	(18)	;volatile
   346                           	line	29
   347                           	
   348  00D1                     l1947:	
   349                           ;comparatorsiren.c: 29: CCP1CON = 0b00001100;
   350  00D1  300C               	movlw	(0Ch)
   351  00D2  0097               	movwf	(23)	;volatile
   352                           	line	30
   353                           	
   354  00D3                     l1949:	
   355                           ;comparatorsiren.c: 30: CCPR1L = 0b00011111;
   356  00D3  301F               	movlw	(01Fh)
   357  00D4  0095               	movwf	(21)	;volatile
   358  00D5  28D6               	goto	l714
   359                           	line	32
   360                           ;comparatorsiren.c: 32: while(1);
   361                           	
   362  00D6                     l713:	
   363                           	
   364  00D6                     l714:	
   365  00D6  28D6               	goto	l714
   366                           	
   367  00D7                     l715:	
   368                           	line	34
   369                           	
   370  00D7                     l716:	
   371                           	global	start
   372  00D7  118A  2811         	ljmp	start
   373                           	opt stack 0
   374                           GLOBAL	__end_of_main
   375  00D9                     	__end_of_main:
   376 ;; =============== function _main ends ============
   377                           
   378                           	signat	_main,88
   379                           	global	_isr
   380                           psect	text95,local,class=CODE,delta=2
   381                           global __ptext95
   382  008C                     __ptext95:
   383                           
   384 ;; *************** function _isr *****************
   385 ;; Defined at:
   386 ;;		line 6 in file "C:\projects\PIC\comparatorsiren\comparatorsiren.c"
   387 ;; Parameters:    Size  Location     Type
   388 ;;		None
   389 ;; Auto vars:     Size  Location     Type
   390 ;;		None
   391 ;; Return value:  Size  Location     Type
   392 ;;		None               void
   393 ;; Registers used:
   394 ;;		wreg, status,2, status,0, pclath, cstack
   395 ;; Tracked objects:
   396 ;;		On entry : 0/0
   397 ;;		On exit  : 0/0
   398 ;;		Unchanged: 0/0
   399 ;; Data sizes:     COMMON   BANK0   BANK1   BANK2
   400 ;;      Params:         0       0       0       0
   401 ;;      Locals:         0       0       0       0
   402 ;;      Temps:          0       6       0       0
   403 ;;      Totals:         0       6       0       0
   404 ;;Total ram usage:        6 bytes
   405 ;; Hardware stack levels used:    1
   406 ;; Hardware stack levels required when called:    1
   407 ;; This function calls:
   408 ;;		___awdiv
   409 ;; This function is called by:
   410 ;;		Interrupt level 1
   411 ;; This function uses a non-reentrant model
   412 ;;
   413                           psect	text95
   414                           	file	"C:\projects\PIC\comparatorsiren\comparatorsiren.c"
   415                           	line	6
   416                           	global	__size_of_isr
   417  002B                     	__size_of_isr	equ	__end_of_isr-_isr
   418                           	
   419  008C                     _isr:	
   420                           	opt	stack 6
   421                           ; Regs used in _isr: [wreg+status,2+status,0+pclath+cstack]
   422                           psect	intentry,class=CODE,delta=2
   423                           global __pintentry
   424  0004                     __pintentry:
   425                           global interrupt_function
   426  0004                     interrupt_function:
   427                           	global saved_w
   428  007E                     	saved_w	set	btemp+0
   429  0004  00FE               	movwf	saved_w
   430  0005  0803               	movf	status,w
   431  0006  1283               	bcf	status, 5	;RP0=0, select bank0
   432  0007  1303               	bcf	status, 6	;RP1=0, select bank0
   433  0008  00A2               	movwf	(??_isr+2)
   434  0009  0804               	movf	fsr0,w
   435  000A  00A3               	movwf	(??_isr+3)
   436  000B  080A               	movf	pclath,w
   437  000C  00A4               	movwf	(??_isr+4)
   438  000D  087F               	movf	btemp+1,w
   439  000E  00A5               	movwf	(??_isr+5)
   440  000F  118A  288C         	ljmp	_isr
   441                           psect	text95
   442                           	line	8
   443                           	
   444  008C                     i1l1919:	
   445                           ;comparatorsiren.c: 8: ADIF = 0;
   446  008C  130C               	bcf	(102/8),(102)&7
   447                           	line	10
   448                           	
   449  008D                     i1l1921:	
   450                           ;comparatorsiren.c: 10: PR2 = 124 + (ADRESH / 2);
   451  008D  3002               	movlw	low(02h)
   452  008E  00F0               	movwf	(?___awdiv)
   453  008F  3000               	movlw	high(02h)
   454  0090  00F1               	movwf	((?___awdiv))+1
   455  0091  081E               	movf	(30),w	;volatile
   456  0092  00A0               	movwf	(??_isr+0)+0
   457  0093  01A1               	clrf	(??_isr+0)+0+1
   458  0094  0820               	movf	0+(??_isr+0)+0,w
   459  0095  00F2               	movwf	0+(?___awdiv)+02h
   460  0096  0821               	movf	1+(??_isr+0)+0,w
   461  0097  00F3               	movwf	1+(?___awdiv)+02h
   462  0098  118A  2013  118A   	fcall	___awdiv
   463  009B  0870               	movf	(0+(?___awdiv)),w
   464  009C  3E7C               	addlw	07Ch
   465  009D  1683               	bsf	status, 5	;RP0=1, select bank1
   466  009E  1303               	bcf	status, 6	;RP1=0, select bank1
   467  009F  0092               	movwf	(146)^080h	;volatile
   468                           	line	11
   469                           	
   470  00A0                     i1l1923:	
   471                           ;comparatorsiren.c: 11: if(PR2 > 249)
   472  00A0  30FA               	movlw	(0FAh)
   473  00A1  0212               	subwf	(146)^080h,w	;volatile
   474  00A2  1C03               	skipc
   475  00A3  28A5               	goto	u215_21
   476  00A4  28A6               	goto	u215_20
   477  00A5                     u215_21:
   478  00A5  28A9               	goto	i1l1927
   479  00A6                     u215_20:
   480                           	line	12
   481                           	
   482  00A6                     i1l1925:	
   483                           ;comparatorsiren.c: 12: PR2 = 249;
   484  00A6  30F9               	movlw	(0F9h)
   485  00A7  0092               	movwf	(146)^080h	;volatile
   486  00A8  28A9               	goto	i1l1927
   487                           	
   488  00A9                     i1l709:	
   489                           	line	13
   490                           	
   491  00A9                     i1l1927:	
   492                           ;comparatorsiren.c: 13: GODONE =1;
   493  00A9  1283               	bcf	status, 5	;RP0=0, select bank0
   494  00AA  1303               	bcf	status, 6	;RP1=0, select bank0
   495  00AB  149F               	bsf	(249/8),(249)&7
   496                           	line	15
   497                           	
   498  00AC                     i1l710:	
   499  00AC  0825               	movf	(??_isr+5),w
   500  00AD  00FF               	movwf	btemp+1
   501  00AE  0824               	movf	(??_isr+4),w
   502  00AF  008A               	movwf	pclath
   503  00B0  0823               	movf	(??_isr+3),w
   504  00B1  0084               	movwf	fsr0
   505  00B2  0822               	movf	(??_isr+2),w
   506  00B3  0083               	movwf	status
   507  00B4  0EFE               	swapf	saved_w,f
   508  00B5  0E7E               	swapf	saved_w,w
   509  00B6  0009               	retfie
   510                           	opt stack 0
   511                           GLOBAL	__end_of_isr
   512  00B7                     	__end_of_isr:
   513 ;; =============== function _isr ends ============
   514                           
   515                           	signat	_isr,88
   516                           	global	___awdiv
   517                           psect	text96,local,class=CODE,delta=2
   518                           global __ptext96
   519  0013                     __ptext96:
   520                           
   521 ;; *************** function ___awdiv *****************
   522 ;; Defined at:
   523 ;;		line 5 in file "C:\Program Files (x86)\HI-TECH Software\PICC\9.80\sources\awdiv.c"
   524 ;; Parameters:    Size  Location     Type
   525 ;;  divisor         2    0[COMMON] int 
   526 ;;  dividend        2    2[COMMON] int 
   527 ;; Auto vars:     Size  Location     Type
   528 ;;  quotient        2    7[COMMON] int 
   529 ;;  sign            1    6[COMMON] unsigned char 
   530 ;;  counter         1    5[COMMON] unsigned char 
   531 ;; Return value:  Size  Location     Type
   532 ;;                  2    0[COMMON] int 
   533 ;; Registers used:
   534 ;;		wreg, status,2, status,0
   535 ;; Tracked objects:
   536 ;;		On entry : 0/0
   537 ;;		On exit  : 0/0
   538 ;;		Unchanged: 0/0
   539 ;; Data sizes:     COMMON   BANK0   BANK1   BANK2
   540 ;;      Params:         4       0       0       0
   541 ;;      Locals:         4       0       0       0
   542 ;;      Temps:          1       0       0       0
   543 ;;      Totals:         9       0       0       0
   544 ;;Total ram usage:        9 bytes
   545 ;; Hardware stack levels used:    1
   546 ;; This function calls:
   547 ;;		Nothing
   548 ;; This function is called by:
   549 ;;		_isr
   550 ;; This function uses a non-reentrant model
   551 ;;
   552                           psect	text96
   553                           	file	"C:\Program Files (x86)\HI-TECH Software\PICC\9.80\sources\awdiv.c"
   554                           	line	5
   555                           	global	__size_of___awdiv
   556  0079                     	__size_of___awdiv	equ	__end_of___awdiv-___awdiv
   557                           	
   558  0013                     ___awdiv:	
   559                           	opt	stack 6
   560                           ; Regs used in ___awdiv: [wreg+status,2+status,0]
   561                           	line	9
   562                           	
   563  0013                     i1l1477:	
   564  0013  1003               	clrc
   565  0014  3000               	movlw	0
   566  0015  1803               	btfsc	status,0
   567  0016  3001               	movlw	1
   568  0017  00F6               	movwf	(___awdiv@sign)
   569                           	line	10
   570                           	
   571  0018                     i1l1479:	
   572  0018  1FF1               	btfss	(___awdiv@divisor+1),7
   573  0019  281B               	goto	u102_21
   574  001A  281C               	goto	u102_20
   575  001B                     u102_21:
   576  001B  2825               	goto	i1l1483
   577  001C                     u102_20:
   578                           	line	11
   579                           	
   580  001C                     i1l1481:	
   581  001C  09F0               	comf	(___awdiv@divisor),f
   582  001D  09F1               	comf	(___awdiv@divisor+1),f
   583  001E  0AF0               	incf	(___awdiv@divisor),f
   584  001F  1903               	skipnz
   585  0020  0AF1               	incf	(___awdiv@divisor+1),f
   586                           	line	12
   587  0021  01F6               	clrf	(___awdiv@sign)
   588  0022  1403               	bsf	status,0
   589  0023  0DF6               	rlf	(___awdiv@sign),f
   590  0024  2825               	goto	i1l1483
   591                           	line	13
   592                           	
   593  0025                     i1l865:	
   594                           	line	14
   595                           	
   596  0025                     i1l1483:	
   597  0025  1FF3               	btfss	(___awdiv@dividend+1),7
   598  0026  2828               	goto	u103_21
   599  0027  2829               	goto	u103_20
   600  0028                     u103_21:
   601  0028  2832               	goto	i1l866
   602  0029                     u103_20:
   603                           	line	15
   604                           	
   605  0029                     i1l1485:	
   606  0029  09F2               	comf	(___awdiv@dividend),f
   607  002A  09F3               	comf	(___awdiv@dividend+1),f
   608  002B  0AF2               	incf	(___awdiv@dividend),f
   609  002C  1903               	skipnz
   610  002D  0AF3               	incf	(___awdiv@dividend+1),f
   611                           	line	16
   612                           	
   613  002E                     i1l1487:	
   614  002E  3001               	movlw	(01h)
   615  002F  00F4               	movwf	(??___awdiv+0)+0
   616  0030  0874               	movf	(??___awdiv+0)+0,w
   617  0031  06F6               	xorwf	(___awdiv@sign),f
   618                           	line	17
   619                           	
   620  0032                     i1l866:	
   621                           	line	18
   622  0032  3000               	movlw	low(0)
   623  0033  00F7               	movwf	(___awdiv@quotient)
   624  0034  3000               	movlw	high(0)
   625  0035  00F8               	movwf	((___awdiv@quotient))+1
   626                           	line	19
   627  0036  0871               	movf	(___awdiv@divisor+1),w
   628  0037  0470               	iorwf	(___awdiv@divisor),w
   629  0038  1903               	skipnz
   630  0039  283B               	goto	u104_21
   631  003A  283C               	goto	u104_20
   632  003B                     u104_21:
   633  003B  287A               	goto	i1l1507
   634  003C                     u104_20:
   635                           	line	20
   636                           	
   637  003C                     i1l1489:	
   638  003C  01F5               	clrf	(___awdiv@counter)
   639  003D  1403               	bsf	status,0
   640  003E  0DF5               	rlf	(___awdiv@counter),f
   641                           	line	21
   642  003F  284C               	goto	i1l1495
   643                           	
   644  0040                     i1l869:	
   645                           	line	22
   646                           	
   647  0040                     i1l1491:	
   648  0040  3001               	movlw	01h
   649                           	
   650  0041                     u105_25:
   651  0041  1003               	clrc
   652  0042  0DF0               	rlf	(___awdiv@divisor),f
   653  0043  0DF1               	rlf	(___awdiv@divisor+1),f
   654  0044  3EFF               	addlw	-1
   655  0045  1D03               	skipz
   656  0046  2841               	goto	u105_25
   657                           	line	23
   658                           	
   659  0047                     i1l1493:	
   660  0047  3001               	movlw	(01h)
   661  0048  00F4               	movwf	(??___awdiv+0)+0
   662  0049  0874               	movf	(??___awdiv+0)+0,w
   663  004A  07F5               	addwf	(___awdiv@counter),f
   664  004B  284C               	goto	i1l1495
   665                           	line	24
   666                           	
   667  004C                     i1l868:	
   668                           	line	21
   669                           	
   670  004C                     i1l1495:	
   671  004C  1FF1               	btfss	(___awdiv@divisor+1),(15)&7
   672  004D  284F               	goto	u106_21
   673  004E  2850               	goto	u106_20
   674  004F                     u106_21:
   675  004F  2840               	goto	i1l1491
   676  0050                     u106_20:
   677  0050  2852               	goto	i1l1497
   678                           	
   679  0051                     i1l870:	
   680  0051  2852               	goto	i1l1497
   681                           	line	25
   682                           	
   683  0052                     i1l871:	
   684                           	line	26
   685                           	
   686  0052                     i1l1497:	
   687  0052  3001               	movlw	01h
   688                           	
   689  0053                     u107_25:
   690  0053  1003               	clrc
   691  0054  0DF7               	rlf	(___awdiv@quotient),f
   692  0055  0DF8               	rlf	(___awdiv@quotient+1),f
   693  0056  3EFF               	addlw	-1
   694  0057  1D03               	skipz
   695  0058  2853               	goto	u107_25
   696                           	line	27
   697  0059  0871               	movf	(___awdiv@divisor+1),w
   698  005A  0273               	subwf	(___awdiv@dividend+1),w
   699  005B  1D03               	skipz
   700  005C  285F               	goto	u108_25
   701  005D  0870               	movf	(___awdiv@divisor),w
   702  005E  0272               	subwf	(___awdiv@dividend),w
   703  005F                     u108_25:
   704  005F  1C03               	skipc
   705  0060  2862               	goto	u108_21
   706  0061  2863               	goto	u108_20
   707  0062                     u108_21:
   708  0062  286B               	goto	i1l1503
   709  0063                     u108_20:
   710                           	line	28
   711                           	
   712  0063                     i1l1499:	
   713  0063  0870               	movf	(___awdiv@divisor),w
   714  0064  02F2               	subwf	(___awdiv@dividend),f
   715  0065  0871               	movf	(___awdiv@divisor+1),w
   716  0066  1C03               	skipc
   717  0067  03F3               	decf	(___awdiv@dividend+1),f
   718  0068  02F3               	subwf	(___awdiv@dividend+1),f
   719                           	line	29
   720                           	
   721  0069                     i1l1501:	
   722  0069  1477               	bsf	(___awdiv@quotient)+(0/8),(0)&7
   723  006A  286B               	goto	i1l1503
   724                           	line	30
   725                           	
   726  006B                     i1l872:	
   727                           	line	31
   728                           	
   729  006B                     i1l1503:	
   730  006B  3001               	movlw	01h
   731                           	
   732  006C                     u109_25:
   733  006C  1003               	clrc
   734  006D  0CF1               	rrf	(___awdiv@divisor+1),f
   735  006E  0CF0               	rrf	(___awdiv@divisor),f
   736  006F  3EFF               	addlw	-1
   737  0070  1D03               	skipz
   738  0071  286C               	goto	u109_25
   739                           	line	32
   740                           	
   741  0072                     i1l1505:	
   742  0072  3001               	movlw	low(01h)
   743  0073  02F5               	subwf	(___awdiv@counter),f
   744  0074  1D03               	btfss	status,2
   745  0075  2877               	goto	u110_21
   746  0076  2878               	goto	u110_20
   747  0077                     u110_21:
   748  0077  2852               	goto	i1l1497
   749  0078                     u110_20:
   750  0078  287A               	goto	i1l1507
   751                           	
   752  0079                     i1l873:	
   753  0079  287A               	goto	i1l1507
   754                           	line	33
   755                           	
   756  007A                     i1l867:	
   757                           	line	34
   758                           	
   759  007A                     i1l1507:	
   760  007A  0876               	movf	(___awdiv@sign),w
   761  007B  1D03               	skipz
   762  007C  287E               	goto	u111_20
   763  007D  2884               	goto	i1l1511
   764  007E                     u111_20:
   765                           	line	35
   766                           	
   767  007E                     i1l1509:	
   768  007E  09F7               	comf	(___awdiv@quotient),f
   769  007F  09F8               	comf	(___awdiv@quotient+1),f
   770  0080  0AF7               	incf	(___awdiv@quotient),f
   771  0081  1903               	skipnz
   772  0082  0AF8               	incf	(___awdiv@quotient+1),f
   773  0083  2884               	goto	i1l1511
   774                           	
   775  0084                     i1l874:	
   776                           	line	36
   777                           	
   778  0084                     i1l1511:	
   779  0084  0878               	movf	(___awdiv@quotient+1),w
   780  0085  01F1               	clrf	(?___awdiv+1)
   781  0086  07F1               	addwf	(?___awdiv+1)
   782  0087  0877               	movf	(___awdiv@quotient),w
   783  0088  01F0               	clrf	(?___awdiv)
   784  0089  07F0               	addwf	(?___awdiv)
   785                           
   786  008A  288B               	goto	i1l875
   787                           	
   788  008B                     i1l1513:	
   789                           	line	37
   790                           	
   791  008B                     i1l875:	
   792  008B  0008               	return
   793                           	opt stack 0
   794                           GLOBAL	__end_of___awdiv
   795  008C                     	__end_of___awdiv:
   796 ;; =============== function ___awdiv ends ============
   797                           
   798                           	signat	___awdiv,8314
   799                           psect	text97,local,class=CODE,delta=2
   800                           global __ptext97
   801  0000                     __ptext97:
   802                           	global	btemp
   803  007E                     	btemp set 07Eh
   804                           
   805                           	DABS	1,126,2	;btemp
   806                           	global	wtemp0
   807  007E                     	wtemp0 set btemp


HI-TECH Software PICC Macro Assembler V9.80 build 6738 
Symbol Table                                                                                   Tue Apr 19 17:06:25 2011

        ___awdiv@sign 0076                   l713 00D6                   l714 00D6                   l715 00D7  
                 l716 00D7                   _PR2 0092                   _isr 008C                   fsr0 0004  
                l1931 00BA                  l1941 00C8                  l1933 00BC                  l1943 00CC  
                l1935 00C1                  l1945 00CF                  l1937 00C3                  l1929 00B7  
                l1947 00D1                  l1939 00C4                  l1949 00D3                  _ADIE 0466  
                _ADIF 0066                  ?_isr 0070                  _main 00B7                  btemp 007E  
                start 0011                 ??_isr 0020                 ?_main 0070       __end_of___awdiv 008C  
               _ANSEL 011E       ___awdiv@divisor 0070                 _T2CON 0012                 i1l710 00AC  
               i1l709 00A9                 i1l870 0051                 i1l871 0052                 i1l872 006B  
               i1l873 0079                 i1l865 0025                 i1l874 0084                 i1l866 0032  
               i1l875 008B                 i1l867 007A                 i1l868 004C                 i1l869 0040  
     ___awdiv@counter 0075                 _TRISB 0086                 _TRISC 0087                 pclath 000A  
               status 0003                 wtemp0 007E          __end_of_main 00D9                ??_main 0026  
              _ADCON0 001F                _ADCON1 009F                _ADRESH 001E                _CCPR1L 0015  
    ___awdiv@dividend 0072                _ANSELH 011F                _GODONE 00F9                u110_20 0078  
              u102_20 001C                u110_21 0077                u102_21 001B                u111_20 007E  
              u103_20 0029                u103_21 0028                i1l1501 0069                i1l1511 0084  
              i1l1503 006B                u104_20 003C                i1l1513 008B                i1l1505 0072  
              u104_21 003B                i1l1507 007A                i1l1509 007E                i1l1481 001C  
              i1l1491 0040                i1l1483 0025                i1l1493 0047                u105_25 0041  
              i1l1485 0029                i1l1477 0013                i1l1495 004C                i1l1487 002E  
              i1l1479 0018                u106_20 0050                i1l1497 0052                u106_21 004F  
              i1l1489 003C                i1l1921 008D                i1l1499 0063                i1l1923 00A0  
              i1l1925 00A6                i1l1927 00A9                i1l1919 008C                u107_25 0053  
              u108_20 0063                u108_21 0062                u108_25 005F                u109_25 006C  
              u215_20 00A6                u215_21 00A5                _INTCON 000B             ??___awdiv 0074  
    ___awdiv@quotient 0077                saved_w 007E        __pcstackCOMMON 0070            __pmaintext 00B7  
          __pintentry 0004               _CCP1CON 0017               ___awdiv 0013          __size_of_isr 002B  
end_of_initialization 00D9   start_initialization 00D9           __end_of_isr 00B7         __pcstackBANK0 0020  
            ?___awdiv 0070     interrupt_function 0004      __size_of___awdiv 0079              __ptext94 0000  
            __ptext95 008C              __ptext96 0013              __ptext97 0000         __size_of_main 0022  
            intlevel1 0000  
